0 info it worked if it ends with ok
1 verbose cli [ 'node', '/usr/local/bin/npm', 'install', '-', 'protractor' ]
2 info using npm@1.4.28
3 info using node@v0.10.35
4 warn package.json bookoflife@1.0.0 No repository field.
5 warn package.json bookoflife@1.0.0 No README data
6 warn package.json grunt-svgo@0.1.0 No repository field.
7 verbose readDependencies using package.json deps
8 verbose cache add [ '-', null ]
9 verbose cache add name=undefined spec="-" args=["-",null]
10 verbose parsed url { protocol: null,
10 verbose parsed url   slashes: null,
10 verbose parsed url   auth: null,
10 verbose parsed url   host: null,
10 verbose parsed url   port: null,
10 verbose parsed url   hostname: null,
10 verbose parsed url   hash: null,
10 verbose parsed url   search: null,
10 verbose parsed url   query: null,
10 verbose parsed url   pathname: '-',
10 verbose parsed url   path: '-',
10 verbose parsed url   href: '-' }
11 verbose cache add [ 'protractor', null ]
12 verbose cache add name=undefined spec="protractor" args=["protractor",null]
13 verbose parsed url { protocol: null,
13 verbose parsed url   slashes: null,
13 verbose parsed url   auth: null,
13 verbose parsed url   host: null,
13 verbose parsed url   port: null,
13 verbose parsed url   hostname: null,
13 verbose parsed url   hash: null,
13 verbose parsed url   search: null,
13 verbose parsed url   query: null,
13 verbose parsed url   pathname: 'protractor',
13 verbose parsed url   path: 'protractor',
13 verbose parsed url   href: 'protractor' }
14 silly lockFile 3bc15c8a- -
15 verbose lock - /Users/absaarhasan/.npm/3bc15c8a-.lock
16 silly lockFile 4f4f4858-protractor protractor
17 verbose lock protractor /Users/absaarhasan/.npm/4f4f4858-protractor.lock
18 silly lockFile 3bc15c8a- -
19 silly lockFile 3bc15c8a- -
20 silly lockFile 4f4f4858-protractor protractor
21 silly lockFile 4f4f4858-protractor protractor
22 verbose addNamed [ '-', '' ]
23 verbose addNamed [ null, '*' ]
24 silly lockFile c75fe0d4- -@
25 verbose lock -@ /Users/absaarhasan/.npm/c75fe0d4-.lock
26 verbose addNamed [ 'protractor', '' ]
27 verbose addNamed [ null, '*' ]
28 silly lockFile 80d5ca5a-protractor protractor@
29 verbose lock protractor@ /Users/absaarhasan/.npm/80d5ca5a-protractor.lock
30 silly addNameRange { name: '-', range: '*', hasData: false }
31 silly addNameRange { name: 'protractor', range: '*', hasData: false }
32 verbose request where is /-
33 verbose request registry https://registry.npmjs.org/
34 verbose request id 73b6955d0d6ce2d8
35 verbose url raw /-
36 verbose url resolving [ 'https://registry.npmjs.org/', './-' ]
37 verbose url resolved https://registry.npmjs.org/-
38 verbose request where is https://registry.npmjs.org/-
39 info trying registry request attempt 1 at 18:06:53
40 http GET https://registry.npmjs.org/-
41 verbose request where is /protractor
42 verbose request registry https://registry.npmjs.org/
43 verbose url raw /protractor
44 verbose url resolving [ 'https://registry.npmjs.org/', './protractor' ]
45 verbose url resolved https://registry.npmjs.org/protractor
46 verbose request where is https://registry.npmjs.org/protractor
47 info trying registry request attempt 1 at 18:06:53
48 verbose etag "RQ41B1O4XFJ5D2MQ1BPHWV3B"
49 http GET https://registry.npmjs.org/protractor
50 http 304 https://registry.npmjs.org/protractor
51 silly registry.get cb [ 304,
51 silly registry.get   { date: 'Thu, 08 Oct 2015 17:06:54 GMT',
51 silly registry.get     via: '1.1 varnish',
51 silly registry.get     'cache-control': 'max-age=60',
51 silly registry.get     etag: '"RQ41B1O4XFJ5D2MQ1BPHWV3B"',
51 silly registry.get     age: '0',
51 silly registry.get     connection: 'keep-alive',
51 silly registry.get     'x-served-by': 'cache-lcy1132-LCY',
51 silly registry.get     'x-cache': 'HIT',
51 silly registry.get     'x-cache-hits': '1',
51 silly registry.get     'x-timer': 'S1444324014.204396,VS0,VE94',
51 silly registry.get     vary: 'Accept' } ]
52 verbose etag https://registry.npmjs.org/protractor from cache
53 silly addNameRange number 2 { name: 'protractor', range: '*', hasData: true }
54 silly addNameRange versions [ 'protractor',
54 silly addNameRange   [ '0.1.0',
54 silly addNameRange     '0.1.1',
54 silly addNameRange     '0.1.2',
54 silly addNameRange     '0.1.3',
54 silly addNameRange     '0.2.0',
54 silly addNameRange     '0.2.1',
54 silly addNameRange     '0.3.0',
54 silly addNameRange     '0.4.0',
54 silly addNameRange     '0.4.1',
54 silly addNameRange     '0.5.0',
54 silly addNameRange     '0.6.1',
54 silly addNameRange     '0.7.0',
54 silly addNameRange     '0.8.0',
54 silly addNameRange     '0.9.0',
54 silly addNameRange     '0.10.0',
54 silly addNameRange     '0.11.0',
54 silly addNameRange     '0.12.0',
54 silly addNameRange     '0.12.1',
54 silly addNameRange     '0.13.0',
54 silly addNameRange     '0.14.0',
54 silly addNameRange     '0.15.0',
54 silly addNameRange     '0.16.0',
54 silly addNameRange     '0.16.1',
54 silly addNameRange     '0.17.0',
54 silly addNameRange     '0.18.0',
54 silly addNameRange     '0.18.1',
54 silly addNameRange     '0.19.0',
54 silly addNameRange     '0.20.0',
54 silly addNameRange     '0.20.1',
54 silly addNameRange     '0.21.0',
54 silly addNameRange     '0.22.0',
54 silly addNameRange     '0.23.0',
54 silly addNameRange     '0.23.1',
54 silly addNameRange     '0.24.0',
54 silly addNameRange     '0.24.1',
54 silly addNameRange     '0.24.2',
54 silly addNameRange     '1.0.0-rc1',
54 silly addNameRange     '1.0.0-rc2',
54 silly addNameRange     '1.0.0-rc3',
54 silly addNameRange     '1.0.0-rc4',
54 silly addNameRange     '1.0.0-rc5',
54 silly addNameRange     '1.0.0-rc6',
54 silly addNameRange     '1.0.0',
54 silly addNameRange     '1.1.0',
54 silly addNameRange     '1.1.1',
54 silly addNameRange     '1.2.0-beta1',
54 silly addNameRange     '1.2.0',
54 silly addNameRange     '1.3.0',
54 silly addNameRange     '1.3.1',
54 silly addNameRange     '1.4.0',
54 silly addNameRange     '1.5.0',
54 silly addNameRange     '1.6.0',
54 silly addNameRange     '1.6.1',
54 silly addNameRange     '1.7.0',
54 silly addNameRange     '1.8.0',
54 silly addNameRange     '2.0.0',
54 silly addNameRange     '2.1.0',
54 silly addNameRange     '2.2.0',
54 silly addNameRange     '2.3.0',
54 silly addNameRange     '2.4.0',
54 silly addNameRange     '2.5.0' ] ]
55 verbose addNamed [ 'protractor', '2.5.0' ]
56 verbose addNamed [ '2.5.0', '2.5.0' ]
57 silly lockFile b468f764-protractor-2-5-0 protractor@2.5.0
58 verbose lock protractor@2.5.0 /Users/absaarhasan/.npm/b468f764-protractor-2-5-0.lock
59 silly lockFile b468f764-protractor-2-5-0 protractor@2.5.0
60 silly lockFile b468f764-protractor-2-5-0 protractor@2.5.0
61 silly lockFile 80d5ca5a-protractor protractor@
62 silly lockFile 80d5ca5a-protractor protractor@
63 http 404 https://registry.npmjs.org/-
64 silly registry.get cb [ 404,
64 silly registry.get   { 'content-type': 'application/json',
64 silly registry.get     'cache-control': 'max-age=0',
64 silly registry.get     'content-length': '57',
64 silly registry.get     'accept-ranges': 'bytes',
64 silly registry.get     date: 'Thu, 08 Oct 2015 17:06:54 GMT',
64 silly registry.get     via: '1.1 varnish',
64 silly registry.get     age: '0',
64 silly registry.get     connection: 'keep-alive',
64 silly registry.get     'x-served-by': 'cache-lcy1125-LCY',
64 silly registry.get     'x-cache': 'MISS',
64 silly registry.get     'x-cache-hits': '0',
64 silly registry.get     'x-timer': 'S1444324014.204301,VS0,VE644' } ]
65 silly lockFile c75fe0d4- -@
66 silly lockFile c75fe0d4- -@
67 error 404 Not Found
68 error System Darwin 13.4.0
69 error command "node" "/usr/local/bin/npm" "install" "-" "protractor"
70 error cwd /Users/absaarhasan/Sites/bookoflife
71 error node -v v0.10.35
72 error npm -v 1.4.28
73 error code E404
74 verbose exit [ 1, true ]
